<?xml version="1.0" encoding="UTF-8"?>
<testsuite name="tests.TeamCreationTest" tests="1" skipped="0" failures="0" errors="0" timestamp="2019-02-18T14:00:55" hostname="DESKTOP-LIU3TUS" time="0.528">
  <properties/>
  <testcase name="teamCreationFromLeftNavMenu" classname="tests.TeamCreationTest" time="0.528"/>
  <system-out><![CDATA[]]></system-out>
  <system-err><![CDATA[]]></system-err>
</testsuite>
