<?xml version="1.0" encoding="UTF-8"?>
<testsuite name="tests.LoginTest" tests="1" skipped="0" failures="0" errors="0" timestamp="2019-02-18T14:00:41" hostname="DESKTOP-LIU3TUS" time="2.678">
  <properties/>
  <testcase name="testLogIn" classname="tests.LoginTest" time="2.678"/>
  <system-out><![CDATA[]]></system-out>
  <system-err><![CDATA[]]></system-err>
</testsuite>
